0 verbose cli /home/alfred/.nvm/versions/node/v24.11.1/bin/node /home/alfred/.nvm/versions/node/v24.11.1/bin/npm
1 info using npm@11.6.4
2 info using node@v24.11.1
3 silly config load:file:/home/alfred/.nvm/versions/node/v24.11.1/lib/node_modules/npm/npmrc
4 silly config load:file:/home/alfred/lw/w509-MemoryMate2026/memory-mate-mvp/.npmrc
5 silly config load:file:/home/alfred/.npmrc
6 silly config load:file:/home/alfred/.nvm/versions/node/v24.11.1/etc/npmrc
7 verbose title npm install
8 verbose argv "install"
9 verbose logfile logs-max:10 dir:/home/alfred/.npm/_logs/2026-01-18T14_27_34_186Z-
10 verbose logfile /home/alfred/.npm/_logs/2026-01-18T14_27_34_186Z-debug-0.log
11 silly logfile start cleaning logs, removing 1 files
12 silly logfile done cleaning log files
13 silly packumentCache heap:2255224832 maxSize:563806208 maxEntrySize:281903104
14 silly idealTree buildDeps
15 silly fetch manifest react-native-web@^0.21.0
16 silly packumentCache full:https://registry.npmjs.org/react-native-web cache-miss
17 verbose shrinkwrap failed to load node_modules/.package-lock.json out of date, updated: node_modules/react-native-css-interop
18 http fetch GET 200 https://registry.npmjs.org/react-native-web 967ms (cache revalidated)
19 silly packumentCache full:https://registry.npmjs.org/react-native-web set size:1090363 disposed:false
20 silly fetch manifest react@19.1.0
21 silly packumentCache full:https://registry.npmjs.org/react cache-miss
22 http fetch GET 200 https://registry.npmjs.org/react 133ms (cache revalidated)
23 silly packumentCache full:https://registry.npmjs.org/react set size:6390293 disposed:false
24 silly fetch manifest react-dom@^18.0.0 || ^19.0.0
25 silly packumentCache full:https://registry.npmjs.org/react-dom cache-miss
26 http fetch GET 200 https://registry.npmjs.org/react-dom 131ms (cache revalidated)
27 silly packumentCache full:https://registry.npmjs.org/react-dom set size:8422649 disposed:false
28 silly fetch manifest react@^19.2.3
29 silly packumentCache full:https://registry.npmjs.org/react cache-miss
30 http cache https://registry.npmjs.org/react 38ms (cache hit)
31 silly packumentCache full:https://registry.npmjs.org/react set size:6390293 disposed:false
32 verbose stack Error: unable to resolve dependency tree
32 verbose stack     at #failPeerConflict (/home/alfred/.nvm/versions/node/v24.11.1/lib/node_modules/npm/node_modules/@npmcli/arborist/lib/arborist/build-ideal-tree.js:1404:25)
32 verbose stack     at #loadPeerSet (/home/alfred/.nvm/versions/node/v24.11.1/lib/node_modules/npm/node_modules/@npmcli/arborist/lib/arborist/build-ideal-tree.js:1397:29)
32 verbose stack     at async #loadPeerSet (/home/alfred/.nvm/versions/node/v24.11.1/lib/node_modules/npm/node_modules/@npmcli/arborist/lib/arborist/build-ideal-tree.js:1338:11)
32 verbose stack     at async #buildDepStep (/home/alfred/.nvm/versions/node/v24.11.1/lib/node_modules/npm/node_modules/@npmcli/arborist/lib/arborist/build-ideal-tree.js:918:11)
32 verbose stack     at async Arborist.buildIdealTree (/home/alfred/.nvm/versions/node/v24.11.1/lib/node_modules/npm/node_modules/@npmcli/arborist/lib/arborist/build-ideal-tree.js:170:7)
32 verbose stack     at async Promise.all (index 1)
32 verbose stack     at async Arborist.reify (/home/alfred/.nvm/versions/node/v24.11.1/lib/node_modules/npm/node_modules/@npmcli/arborist/lib/arborist/reify.js:110:5)
32 verbose stack     at async Install.exec (/home/alfred/.nvm/versions/node/v24.11.1/lib/node_modules/npm/lib/commands/install.js:150:5)
32 verbose stack     at async Npm.exec (/home/alfred/.nvm/versions/node/v24.11.1/lib/node_modules/npm/lib/npm.js:208:9)
32 verbose stack     at async module.exports (/home/alfred/.nvm/versions/node/v24.11.1/lib/node_modules/npm/lib/cli/entry.js:67:5)
33 error code ERESOLVE
34 error ERESOLVE unable to resolve dependency tree
35 error
36 error While resolving: memory-mate-mvp@1.0.0
36 error Found: react@19.1.0[2m[22m
36 error [2mnode_modules/react[22m
36 error   react@"19.1.0" from the root project
36 error   [95mpeer[39m react@"^18.0.0 || ^19.0.0" from react-native-web@0.21.2[2m[22m
36 error   [2mnode_modules/react-native-web[22m
36 error     react-native-web@"^0.21.0" from the root project
36 error
36 error Could not resolve dependency:
36 error [95mpeer[39m react@"^19.2.3" from react-dom@19.2.3[2m[22m
36 error [2mnode_modules/react-dom[22m
36 error   [95mpeer[39m react-dom@"^18.0.0 || ^19.0.0" from react-native-web@0.21.2[2m[22m
36 error   [2mnode_modules/react-native-web[22m
36 error     react-native-web@"^0.21.0" from the root project
36 error
36 error Fix the upstream dependency conflict, or retry
36 error this command with --force or --legacy-peer-deps
36 error to accept an incorrect (and potentially broken) dependency resolution.
37 error
37 error
37 error For a full report see:
37 error /home/alfred/.npm/_logs/2026-01-18T14_27_34_186Z-eresolve-report.txt
38 silly unfinished npm timer reify 1768746454649
39 silly unfinished npm timer reify:loadTrees 1768746454661
40 silly unfinished npm timer idealTree:buildDeps 1768746455360
41 silly unfinished npm timer idealTree:#root 1768746455361
42 verbose cwd /home/alfred/lw/w509-MemoryMate2026/memory-mate-mvp
43 verbose os Linux 6.6.87.2-microsoft-standard-WSL2
44 verbose node v24.11.1
45 verbose npm  v11.6.4
46 verbose exit 1
47 verbose code 1
48 error A complete log of this run can be found in: /home/alfred/.npm/_logs/2026-01-18T14_27_34_186Z-debug-0.log
